time="2020-10-28T12:00:13+08:00" level=info msg="============================================SYS============================================="
time="2020-10-28T12:00:13+08:00" level=info msg="golang版本：go1.15.3\n"
time="2020-10-28T12:00:13+08:00" level=info msg="操作系统：windows\n"
time="2020-10-28T12:00:13+08:00" level=info msg="Platform：Microsoft Windows 10 Home China\n"
time="2020-10-28T12:00:13+08:00" level=info msg="KernelArch：x86_64\n"
time="2020-10-28T12:00:13+08:00" level=info msg="HostID：04bc39b4-74dc-40c5-9639-5ae338af66bc\n"
time="2020-10-28T12:00:13+08:00" level=info msg="Hostname：DESKTOP-UFLTFSG\n"
time="2020-10-28T12:00:13+08:00" level=info msg="开机时间：2020/10/27 14:45:12\n"
time="2020-10-28T12:00:13+08:00" level=info msg="开机时长：21小时15分钟1秒\n"
time="2020-10-28T12:00:13+08:00" level=info msg="当前用户名：DELL@DESKTOP-UFLTFSG\n"
time="2020-10-28T12:00:13+08:00" level=info msg="系统版本：6.2 (9200)\n"
time="2020-10-28T12:00:13+08:00" level=info msg="=============================================CPU============================================="
time="2020-10-28T12:00:13+08:00" level=info msg="虚拟内核数：6\n"
time="2020-10-28T12:00:13+08:00" level=info msg="架构：amd64\n"
time="2020-10-28T12:00:13+08:00" level=info msg="Total:145220.734375, User:6699.593750, System:2904.593750, Idle:135616.546875\n"
time="2020-10-28T12:00:13+08:00" level=info msg="使用率：6.61%\n"
time="2020-10-28T12:00:14+08:00" level=info msg="物理核心数：%!(EXTRA int=1)"
time="2020-10-28T12:00:14+08:00" level=info msg="index:1, cores:6, modelName:Intel(R) Core(TM) i5-9500 CPU @ 3.00GHz, mhz:3000.000000\n"
time="2020-10-28T12:00:14+08:00" level=error msg="LOAD ERROR:  not implemented yet"
time="2020-10-28T12:00:14+08:00" level=info msg="=============================================内存============================================="
